<?xml version="1.0" encoding="UTF-8"?>
<testng-results skipped="0" failed="0" total="1" passed="1">
  <reporter-output>
  </reporter-output>
  <suite name="Default suite" duration-ms="16719" started-at="2016-03-18T16:03:23Z" finished-at="2016-03-18T16:03:39Z">
    <groups>
    </groups>
    <test name="Default test" duration-ms="16719" started-at="2016-03-18T16:03:23Z" finished-at="2016-03-18T16:03:39Z">
      <class name="com.automationtest.Auttest">
        <test-method status="PASS" signature="test01()[pri:0, instance:com.automationtest.Auttest@26f67b76]" name="test01" is-config="true" duration-ms="17" started-at="2016-03-18T12:03:23Z" finished-at="2016-03-18T12:03:23Z">
          <reporter-output>
          </reporter-output>
        </test-method> <!-- test01 -->
        <test-method status="PASS" signature="test02()[pri:0, instance:com.automationtest.Auttest@26f67b76]" name="test02" duration-ms="16673" started-at="2016-03-18T12:03:23Z" finished-at="2016-03-18T12:03:39Z">
          <reporter-output>
          </reporter-output>
        </test-method> <!-- test02 -->
        <test-method status="PASS" signature="test03()[pri:0, instance:com.automationtest.Auttest@26f67b76]" name="test03" is-config="true" duration-ms="1" started-at="2016-03-18T12:03:39Z" finished-at="2016-03-18T12:03:39Z">
          <reporter-output>
          </reporter-output>
        </test-method> <!-- test03 -->
      </class> <!-- com.automationtest.Auttest -->
    </test> <!-- Default test -->
  </suite> <!-- Default suite -->
</testng-results>
