<?xml version="1.0" encoding="UTF-8"?>
<testng-results skipped="0" failed="0" total="1" passed="1">
  <reporter-output>
  </reporter-output>
  <suite name="Default suite" duration-ms="37908" started-at="2016-03-18T19:19:48Z" finished-at="2016-03-18T19:20:26Z">
    <groups>
    </groups>
    <test name="Default test" duration-ms="37908" started-at="2016-03-18T19:19:48Z" finished-at="2016-03-18T19:20:26Z">
      <class name="com.automationtest.Auttest">
        <test-method status="PASS" signature="test01()[pri:0, instance:com.automationtest.Auttest@27f674d]" name="test01" is-config="true" duration-ms="19" started-at="2016-03-18T15:19:49Z" finished-at="2016-03-18T15:19:49Z">
          <reporter-output>
          </reporter-output>
        </test-method> <!-- test01 -->
        <test-method status="PASS" signature="test02()[pri:0, instance:com.automationtest.Auttest@27f674d]" name="test02" duration-ms="37674" started-at="2016-03-18T15:19:49Z" finished-at="2016-03-18T15:20:26Z">
          <reporter-output>
          </reporter-output>
        </test-method> <!-- test02 -->
        <test-method status="PASS" signature="test03()[pri:0, instance:com.automationtest.Auttest@27f674d]" name="test03" is-config="true" duration-ms="4" started-at="2016-03-18T15:20:26Z" finished-at="2016-03-18T15:20:26Z">
          <reporter-output>
          </reporter-output>
        </test-method> <!-- test03 -->
      </class> <!-- com.automationtest.Auttest -->
    </test> <!-- Default test -->
  </suite> <!-- Default suite -->
</testng-results>
